[ 2013-08-24T20:49:06+08:00 ] 127.0.0.1 /
INFO: [ app_begin ] --START--
INFO: ReadHtmlCache Behavior ::run [ RunTime:0.001599s ]
INFO: [ app_begin ] --END-- [ RunTime:0.002649s ]
SQL: SHOW COLUMNS FROM `szdb_publish` [ RunTime:0.007493s ]
NOTIC: [8] Undefined variable: map C:\wamp\www\app\Lib\Action\IndexAction.class.php 第 8 行.
SQL: SELECT COUNT(*) AS tp_count FROM `szdb_publish` LIMIT 1   [ RunTime:0.001703s ]
NOTIC: [8] Undefined variable: map C:\wamp\www\app\Lib\Action\IndexAction.class.php 第 12 行.
SQL: SELECT * FROM `szdb_publish` ORDER BY date desc LIMIT 0,20   [ RunTime:0.000941s ]
INFO: [ view_parse ] --START--
INFO: ParseTemplate Behavior ::run [ RunTime:0.017667s ]
INFO: [ view_parse ] --END-- [ RunTime:0.017817s ]
INFO: [ view_filter ] --START--
INFO: ContentReplace Behavior ::run [ RunTime:0.000904s ]
INFO: TokenBuild Behavior ::run [ RunTime:0.000684s ]
INFO: WriteHtmlCache Behavior ::run [ RunTime:0.000495s ]
INFO: ShowRuntime Behavior ::run [ RunTime:0.000899s ]
INFO: [ view_filter ] --END-- [ RunTime:0.003222s ]
INFO: [ view_end ] --START--
INFO: ShowPageTrace Behavior ::run [ RunTime:0.000819s ]
INFO: [ view_end ] --END-- [ RunTime:0.000900s ]

